<?xml version="1.0" encoding="UTF-8"?>
<!-- Generated by org.testng.reporters.JUnitXMLReporter -->
<testsuite ignored="0" hostname="DESKTOP-UGLR3NH" failures="0" tests="15" name="Default test" time="59.813" errors="0" timestamp="2025-12-16T21:41:27 IST">
  <testcase classname="com.anudip.project.AllTestsPart1" name="TC01_verifyLoginPageTitle" time="0.557"/>
  <testcase classname="com.anudip.project.AllTestsPart1" name="TC02_loginValidUser" time="13.688"/>
  <testcase classname="com.anudip.project.AllTestsPart1" name="TC03_verifyProductsPageTitle" time="0.148"/>
  <testcase classname="com.anudip.project.AllTestsPart1" name="TC04_verifyProductList" time="0.061"/>
  <testcase classname="com.anudip.project.AllTestsPart1" name="TC05_addFirstProduct" time="0.246"/>
  <testcase classname="com.anudip.project.AllTestsPart1" name="TC06_addSecondProduct" time="0.196"/>
  <testcase classname="com.anudip.project.AllTestsPart1" name="TC07_verifyCartBadgeCount" time="0.056"/>
  <testcase classname="com.anudip.project.AllTestsPart1" name="TC08_openCartPage" time="0.24"/>
  <testcase classname="com.anudip.project.AllTestsPart1" name="TC09_verifyCartItems" time="0.057"/>
  <testcase classname="com.anudip.project.AllTestsPart1" name="TC10_removeOneItem" time="0.183"/>
  <testcase classname="com.anudip.project.AllTestsPart1" name="TC11_verifyCartAfterRemove" time="0.031"/>
  <testcase classname="com.anudip.project.AllTestsPart1" name="TC12_continueShopping" time="0.206"/>
  <testcase classname="com.anudip.project.AllTestsPart1" name="TC13_verifyBackOnProducts" time="0.037"/>
  <testcase classname="com.anudip.project.AllTestsPart1" name="TC14_addProductAgain" time="0.196"/>
  <testcase classname="com.anudip.project.AllTestsPart1" name="TC15_openCartAgain" time="0.143"/>
</testsuite> <!-- Default test -->
