<?xml version="1.0" encoding="UTF-8"?>
<!-- Generated by org.testng.reporters.JUnitXMLReporter -->
<testsuite ignored="0" hostname="DESKTOP-UGLR3NH" failures="0" tests="42" name="Test" time="386.491" errors="0" timestamp="2025-12-16T21:11:30 IST">
  <testcase classname="com.anudip.project.BaseClass" name="@BeforeClass setUp" time="244.133">
    <failure type="org.openqa.selenium.TimeoutException" message="java.util.concurrent.TimeoutException
Build info: version: &amp;apos;4.36.0&amp;apos;, revision: &amp;apos;6d115cfd87&amp;apos;
System info: os.name: &amp;apos;Windows 10&amp;apos;, os.arch: &amp;apos;amd64&amp;apos;, os.version: &amp;apos;10.0&amp;apos;, java.version: &amp;apos;17.0.12&amp;apos;
Driver info: org.openqa.selenium.chrome.ChromeDriver
Command: [c305876db34de48e7c32774a9dd128f7, maximizeCurrentWindow {}]
Capabilities {acceptInsecureCerts: false, browserName: chrome, browserVersion: 143.0.7499.109, chrome: {chromedriverVersion: 143.0.7499.42 (24bdc8c48a0c..., userDataDir: C:\Users\hp\AppData\Local\T...}, fedcm:accounts: true, goog:chromeOptions: {debuggerAddress: localhost:56464}, goog:processID: 7856, networkConnectionEnabled: false, pageLoadStrategy: normal, platformName: windows, proxy: Proxy(), se:cdp: ws://localhost:56464/devtoo..., se:cdpVersion: 143.0.7499.109, setWindowRect: true, strictFileInteractability: false, timeouts: {implicit: 0, pageLoad: 300000, script: 30000}, unhandledPromptBehavior: dismiss and notify, webauthn:extension:credBlob: true, webauthn:extension:largeBlob: true, webauthn:extension:minPinLength: true, webauthn:extension:prf: true, webauthn:virtualAuthenticators: true}
Session ID: c305876db34de48e7c32774a9dd128f7">
      <![CDATA[org.openqa.selenium.TimeoutException: java.util.concurrent.TimeoutException
Build info: version: '4.36.0', revision: '6d115cfd87'
System info: os.name: 'Windows 10', os.arch: 'amd64', os.version: '10.0', java.version: '17.0.12'
Driver info: org.openqa.selenium.chrome.ChromeDriver
Command: [c305876db34de48e7c32774a9dd128f7, maximizeCurrentWindow {}]
Capabilities {acceptInsecureCerts: false, browserName: chrome, browserVersion: 143.0.7499.109, chrome: {chromedriverVersion: 143.0.7499.42 (24bdc8c48a0c..., userDataDir: C:\Users\hp\AppData\Local\T...}, fedcm:accounts: true, goog:chromeOptions: {debuggerAddress: localhost:56464}, goog:processID: 7856, networkConnectionEnabled: false, pageLoadStrategy: normal, platformName: windows, proxy: Proxy(), se:cdp: ws://localhost:56464/devtoo..., se:cdpVersion: 143.0.7499.109, setWindowRect: true, strictFileInteractability: false, timeouts: {implicit: 0, pageLoad: 300000, script: 30000}, unhandledPromptBehavior: dismiss and notify, webauthn:extension:credBlob: true, webauthn:extension:largeBlob: true, webauthn:extension:minPinLength: true, webauthn:extension:prf: true, webauthn:virtualAuthenticators: true}
Session ID: c305876db34de48e7c32774a9dd128f7
at org.openqa.selenium.remote.http.jdk.JdkHttpClient.execute(JdkHttpClient.java:427)
at org.openqa.selenium.remote.HttpCommandExecutor.execute(HttpCommandExecutor.java:212)
at org.openqa.selenium.remote.service.DriverCommandExecutor.invokeExecute(DriverCommandExecutor.java:216)
at org.openqa.selenium.remote.service.DriverCommandExecutor.execute(DriverCommandExecutor.java:174)
at org.openqa.selenium.remote.RemoteWebDriver.execute(RemoteWebDriver.java:557)
at org.openqa.selenium.remote.RemoteWebDriver.execute(RemoteWebDriver.java:630)
at org.openqa.selenium.remote.RemoteWebDriver.execute(RemoteWebDriver.java:634)
at org.openqa.selenium.remote.RemoteWebDriver$RemoteWebDriverOptions$RemoteWindow.maximize(RemoteWebDriver.java:1060)
at com.anudip.project.BaseClass.setUp(BaseClass.java:48)
at java.base/java.util.ArrayList.forEach(ArrayList.java:1511)
Caused by: java.util.concurrent.TimeoutException
at java.base/java.util.concurrent.CompletableFuture$Timeout.run(CompletableFuture.java:2874)
at java.base/java.util.concurrent.Executors$RunnableAdapter.call(Executors.java:539)
at java.base/java.util.concurrent.FutureTask.run(FutureTask.java:264)
at java.base/java.util.concurrent.ScheduledThreadPoolExecutor$ScheduledFutureTask.run(ScheduledThreadPoolExecutor.java:304)
at java.base/java.util.concurrent.ThreadPoolExecutor.runWorker(ThreadPoolExecutor.java:1136)
at java.base/java.util.concurrent.ThreadPoolExecutor$Worker.run(ThreadPoolExecutor.java:635)
at java.base/java.lang.Thread.run(Thread.java:842)
... Removed 25 stack frames]]>
    </failure>
  </testcase> <!-- @BeforeClass setUp -->
  <testcase classname="com.anudip.project.BaseClass" name="@AfterClass tearDown" time="0.0">
    <skipped/>
  </testcase> <!-- @AfterClass tearDown -->
  <testcase classname="com.anudip.project.AllTestsPart1" name="TC01_verifyLoginPageTitle" time="0.001">
    <skipped/>
  </testcase> <!-- TC01_verifyLoginPageTitle -->
  <testcase classname="com.anudip.project.AllTestsPart1" name="TC02_loginValidUser" time="0.0">
    <skipped/>
  </testcase> <!-- TC02_loginValidUser -->
  <testcase classname="com.anudip.project.AllTestsPart1" name="TC03_verifyProductsPageTitle" time="0.0">
    <skipped/>
  </testcase> <!-- TC03_verifyProductsPageTitle -->
  <testcase classname="com.anudip.project.AllTestsPart1" name="TC04_verifyProductList" time="0.0">
    <skipped/>
  </testcase> <!-- TC04_verifyProductList -->
  <testcase classname="com.anudip.project.AllTestsPart1" name="TC05_addFirstProduct" time="0.0">
    <skipped/>
  </testcase> <!-- TC05_addFirstProduct -->
  <testcase classname="com.anudip.project.AllTestsPart1" name="TC06_addSecondProduct" time="0.0">
    <skipped/>
  </testcase> <!-- TC06_addSecondProduct -->
  <testcase classname="com.anudip.project.AllTestsPart1" name="TC07_verifyCartBadgeCount" time="0.0">
    <skipped/>
  </testcase> <!-- TC07_verifyCartBadgeCount -->
  <testcase classname="com.anudip.project.AllTestsPart1" name="TC08_openCartPage" time="0.0">
    <skipped/>
  </testcase> <!-- TC08_openCartPage -->
  <testcase classname="com.anudip.project.AllTestsPart1" name="TC09_verifyCartItems" time="0.0">
    <skipped/>
  </testcase> <!-- TC09_verifyCartItems -->
  <testcase classname="com.anudip.project.AllTestsPart1" name="TC10_removeOneItem" time="0.0">
    <skipped/>
  </testcase> <!-- TC10_removeOneItem -->
  <testcase classname="com.anudip.project.AllTestsPart1" name="TC11_verifyCartAfterRemove" time="0.0">
    <skipped/>
  </testcase> <!-- TC11_verifyCartAfterRemove -->
  <testcase classname="com.anudip.project.AllTestsPart1" name="TC12_continueShopping" time="0.0">
    <skipped/>
  </testcase> <!-- TC12_continueShopping -->
  <testcase classname="com.anudip.project.AllTestsPart1" name="TC13_verifyBackOnProducts" time="0.0">
    <skipped/>
  </testcase> <!-- TC13_verifyBackOnProducts -->
  <testcase classname="com.anudip.project.AllTestsPart1" name="TC14_addProductAgain" time="0.0">
    <skipped/>
  </testcase> <!-- TC14_addProductAgain -->
  <testcase classname="com.anudip.project.AllTestsPart1" name="TC15_openCartAgain" time="0.0">
    <skipped/>
  </testcase> <!-- TC15_openCartAgain -->
  <testcase classname="com.anudip.project.AllTestsPart3" name="TC31_loginForPart3" time="17.931"/>
  <testcase classname="com.anudip.project.AllTestsPart3" name="TC32_openAndCloseMenu" time="1.069"/>
  <testcase classname="com.anudip.project.AllTestsPart3" name="TC33_sortNameAToZ" time="0.464"/>
  <testcase classname="com.anudip.project.AllTestsPart3" name="TC34_sortNameZToA" time="0.752"/>
  <testcase classname="com.anudip.project.AllTestsPart3" name="TC35_sortPriceLowToHigh" time="0.269"/>
  <testcase classname="com.anudip.project.AllTestsPart3" name="TC36_sortPriceHighToLow" time="0.248"/>
  <testcase classname="com.anudip.project.AllTestsPart3" name="TC37_verifyProductImages" time="0.035"/>
  <testcase classname="com.anudip.project.AllTestsPart3" name="TC38_verifyProductNames" time="0.027"/>
  <testcase classname="com.anudip.project.AllTestsPart3" name="TC39_verifyAddToCartButtons" time="0.04"/>
  <testcase classname="com.anudip.project.AllTestsPart3" name="TC40_logout" time="0.26"/>
  <testcase classname="com.anudip.project.AllTestsPart3" name="TC41_invalidLogin" time="0.55"/>
  <testcase classname="com.anudip.project.AllTestsPart3" name="TC42_verifyErrorMessage" time="0.051"/>
  <testcase classname="com.anudip.project.AllTestsPart2" name="TC16_loginForCheckout" time="15.176"/>
  <testcase classname="com.anudip.project.AllTestsPart2" name="TC17_addProduct" time="0.18"/>
  <testcase classname="com.anudip.project.AllTestsPart2" name="TC18_openCart" time="0.22"/>
  <testcase classname="com.anudip.project.AllTestsPart2" name="TC19_clickCheckout" time="0.219"/>
  <testcase classname="com.anudip.project.AllTestsPart2" name="TC20_enterCheckoutDetails" time="0.664"/>
  <testcase classname="com.anudip.project.AllTestsPart2" name="TC21_continueCheckout" time="0.348"/>
  <testcase classname="com.anudip.project.AllTestsPart2" name="TC22_verifyCheckoutOverview" time="0.054"/>
  <testcase classname="com.anudip.project.AllTestsPart2" name="TC23_finishOrder" time="0.23"/>
  <testcase classname="com.anudip.project.AllTestsPart2" name="TC24_verifyOrderConfirmation" time="0.08"/>
  <testcase classname="com.anudip.project.AllTestsPart2" name="TC25_backToProducts" time="0.188"/>
  <testcase classname="com.anudip.project.AllTestsPart2" name="TC26_verifyCartEmptyAfterOrder" time="10.344"/>
  <testcase classname="com.anudip.project.AllTestsPart2" name="TC27_continueShopping" time="0.208"/>
  <testcase classname="com.anudip.project.AllTestsPart2" name="TC28_verifyProductsPageAgain" time="0.032"/>
  <testcase classname="com.anudip.project.AllTestsPart2" name="TC29_logout" time="0.517"/>
  <testcase classname="com.anudip.project.AllTestsPart2" name="TC30_verifyLoginPageAfterLogout" time="0.035"/>
</testsuite> <!-- Test -->
