<?xml version="1.0" encoding="UTF-8"?>
<!-- Generated by org.testng.reporters.JUnitXMLReporter -->
<testsuite ignored="0" hostname="DESKTOP-UGLR3NH" failures="0" tests="15" name="AllTestsPart2" time="37.761" errors="0" timestamp="2025-12-17T13:14:25 IST">
  <testcase classname="com.anudip.project.CheckoutFlowTests" name="TC16_loginForCheckout" time="11.313"/>
  <testcase classname="com.anudip.project.CheckoutFlowTests" name="TC17_addProduct" time="0.211"/>
  <testcase classname="com.anudip.project.CheckoutFlowTests" name="TC18_openCart" time="0.207"/>
  <testcase classname="com.anudip.project.CheckoutFlowTests" name="TC19_clickCheckout" time="0.27"/>
  <testcase classname="com.anudip.project.CheckoutFlowTests" name="TC20_enterCheckoutDetails" time="0.804"/>
  <testcase classname="com.anudip.project.CheckoutFlowTests" name="TC21_continueCheckout" time="0.893"/>
  <testcase classname="com.anudip.project.CheckoutFlowTests" name="TC22_verifyCheckoutOverview" time="0.061"/>
  <testcase classname="com.anudip.project.CheckoutFlowTests" name="TC23_finishOrder" time="0.177"/>
  <testcase classname="com.anudip.project.CheckoutFlowTests" name="TC24_verifyOrderConfirmation" time="0.063"/>
  <testcase classname="com.anudip.project.CheckoutFlowTests" name="TC25_backToProducts" time="0.214"/>
  <testcase classname="com.anudip.project.CheckoutFlowTests" name="TC26_verifyCartEmptyAfterOrder" time="10.229"/>
  <testcase classname="com.anudip.project.CheckoutFlowTests" name="TC27_continueShopping" time="0.227"/>
  <testcase classname="com.anudip.project.CheckoutFlowTests" name="TC28_verifyProductsPageAgain" time="0.048"/>
  <testcase classname="com.anudip.project.CheckoutFlowTests" name="TC29_logout" time="0.378"/>
  <testcase classname="com.anudip.project.CheckoutFlowTests" name="TC30_verifyLoginPageAfterLogout" time="0.04"/>
</testsuite> <!-- AllTestsPart2 -->
