<?xml version="1.0" encoding="UTF-8"?>
<!-- Generated by org.testng.reporters.JUnitReportReporter -->
<testsuite hostname="DESKTOP-UGLR3NH" failures="0" tests="12" name="com.anudip.project.UIAndNegativeTests" time="17.628" errors="0" timestamp="2025-12-17T13:15:01 IST" skipped="0">
  <testcase classname="com.anudip.project.UIAndNegativeTests" name="TC31_loginForPart3" time="10.962"/>
  <testcase classname="com.anudip.project.UIAndNegativeTests" name="TC32_openAndCloseMenu" time="1.182"/>
  <testcase classname="com.anudip.project.UIAndNegativeTests" name="TC33_sortNameAToZ" time="2.139"/>
  <testcase classname="com.anudip.project.UIAndNegativeTests" name="TC34_sortNameZToA" time="0.618"/>
  <testcase classname="com.anudip.project.UIAndNegativeTests" name="TC35_sortPriceLowToHigh" time="0.268"/>
  <testcase classname="com.anudip.project.UIAndNegativeTests" name="TC36_sortPriceHighToLow" time="0.216"/>
  <testcase classname="com.anudip.project.UIAndNegativeTests" name="TC37_verifyProductImages" time="0.031"/>
  <testcase classname="com.anudip.project.UIAndNegativeTests" name="TC38_verifyProductNames" time="0.026"/>
  <testcase classname="com.anudip.project.UIAndNegativeTests" name="TC39_verifyAddToCartButtons" time="0.024"/>
  <testcase classname="com.anudip.project.UIAndNegativeTests" name="TC40_logout" time="1.026"/>
  <testcase classname="com.anudip.project.UIAndNegativeTests" name="TC41_invalidLogin" time="1.086"/>
  <testcase classname="com.anudip.project.UIAndNegativeTests" name="TC42_verifyErrorMessage" time="0.050"/>
</testsuite> <!-- com.anudip.project.UIAndNegativeTests -->
