<?xml version="1.0" encoding="UTF-8"?>
<!-- Generated by org.testng.reporters.JUnitReportReporter -->
<testsuite hostname="DESKTOP-UGLR3NH" failures="0" tests="15" name="com.anudip.project.LoginAndCartTests" time="27.084" errors="0" timestamp="2025-12-17T13:15:01 IST" skipped="0">
  <testcase classname="com.anudip.project.LoginAndCartTests" name="TC01_verifyLoginPageTitle" time="11.919"/>
  <testcase classname="com.anudip.project.LoginAndCartTests" name="TC02_loginValidUser" time="12.970"/>
  <testcase classname="com.anudip.project.LoginAndCartTests" name="TC03_verifyProductsPageTitle" time="0.179"/>
  <testcase classname="com.anudip.project.LoginAndCartTests" name="TC04_verifyProductList" time="0.039"/>
  <testcase classname="com.anudip.project.LoginAndCartTests" name="TC05_addFirstProduct" time="0.383"/>
  <testcase classname="com.anudip.project.LoginAndCartTests" name="TC06_addSecondProduct" time="0.251"/>
  <testcase classname="com.anudip.project.LoginAndCartTests" name="TC07_verifyCartBadgeCount" time="0.057"/>
  <testcase classname="com.anudip.project.LoginAndCartTests" name="TC08_openCartPage" time="0.240"/>
  <testcase classname="com.anudip.project.LoginAndCartTests" name="TC09_verifyCartItems" time="0.119"/>
  <testcase classname="com.anudip.project.LoginAndCartTests" name="TC10_removeOneItem" time="0.200"/>
  <testcase classname="com.anudip.project.LoginAndCartTests" name="TC11_verifyCartAfterRemove" time="0.052"/>
  <testcase classname="com.anudip.project.LoginAndCartTests" name="TC12_continueShopping" time="0.211"/>
  <testcase classname="com.anudip.project.LoginAndCartTests" name="TC13_verifyBackOnProducts" time="0.095"/>
  <testcase classname="com.anudip.project.LoginAndCartTests" name="TC14_addProductAgain" time="0.196"/>
  <testcase classname="com.anudip.project.LoginAndCartTests" name="TC15_openCartAgain" time="0.173"/>
</testsuite> <!-- com.anudip.project.LoginAndCartTests -->
