<?xml version="1.0" encoding="UTF-8"?>
<!-- Generated by org.testng.reporters.JUnitReportReporter -->
<testsuite hostname="DESKTOP-UGLR3NH" failures="0" tests="15" name="com.anudip.project.AllTestsPart1" time="22.991" errors="0" timestamp="2025-12-17T11:23:47 IST" skipped="0">
  <testcase classname="com.anudip.project.AllTestsPart1" name="TC01_verifyLoginPageTitle" time="0.585"/>
  <testcase classname="com.anudip.project.AllTestsPart1" name="TC02_loginValidUser" time="20.359"/>
  <testcase classname="com.anudip.project.AllTestsPart1" name="TC03_verifyProductsPageTitle" time="0.243"/>
  <testcase classname="com.anudip.project.AllTestsPart1" name="TC04_verifyProductList" time="0.052"/>
  <testcase classname="com.anudip.project.AllTestsPart1" name="TC05_addFirstProduct" time="0.260"/>
  <testcase classname="com.anudip.project.AllTestsPart1" name="TC06_addSecondProduct" time="0.211"/>
  <testcase classname="com.anudip.project.AllTestsPart1" name="TC07_verifyCartBadgeCount" time="0.061"/>
  <testcase classname="com.anudip.project.AllTestsPart1" name="TC08_openCartPage" time="0.203"/>
  <testcase classname="com.anudip.project.AllTestsPart1" name="TC09_verifyCartItems" time="0.091"/>
  <testcase classname="com.anudip.project.AllTestsPart1" name="TC10_removeOneItem" time="0.191"/>
  <testcase classname="com.anudip.project.AllTestsPart1" name="TC11_verifyCartAfterRemove" time="0.034"/>
  <testcase classname="com.anudip.project.AllTestsPart1" name="TC12_continueShopping" time="0.200"/>
  <testcase classname="com.anudip.project.AllTestsPart1" name="TC13_verifyBackOnProducts" time="0.064"/>
  <testcase classname="com.anudip.project.AllTestsPart1" name="TC14_addProductAgain" time="0.247"/>
  <testcase classname="com.anudip.project.AllTestsPart1" name="TC15_openCartAgain" time="0.190"/>
</testsuite> <!-- com.anudip.project.AllTestsPart1 -->
