<?xml version="1.0" encoding="UTF-8"?>
<!-- Generated by org.testng.reporters.JUnitReportReporter -->
<testsuite hostname="DESKTOP-UGLR3NH" failures="0" tests="15" name="com.anudip.project.AllTestsPart2" time="27.411" errors="0" timestamp="2025-12-17T11:23:47 IST" skipped="0">
  <testcase classname="com.anudip.project.AllTestsPart2" name="TC16_loginForCheckout" time="14.364"/>
  <testcase classname="com.anudip.project.AllTestsPart2" name="TC17_addProduct" time="0.181"/>
  <testcase classname="com.anudip.project.AllTestsPart2" name="TC18_openCart" time="0.218"/>
  <testcase classname="com.anudip.project.AllTestsPart2" name="TC19_clickCheckout" time="0.204"/>
  <testcase classname="com.anudip.project.AllTestsPart2" name="TC20_enterCheckoutDetails" time="0.582"/>
  <testcase classname="com.anudip.project.AllTestsPart2" name="TC21_continueCheckout" time="0.347"/>
  <testcase classname="com.anudip.project.AllTestsPart2" name="TC22_verifyCheckoutOverview" time="0.060"/>
  <testcase classname="com.anudip.project.AllTestsPart2" name="TC23_finishOrder" time="0.174"/>
  <testcase classname="com.anudip.project.AllTestsPart2" name="TC24_verifyOrderConfirmation" time="0.062"/>
  <testcase classname="com.anudip.project.AllTestsPart2" name="TC25_backToProducts" time="0.215"/>
  <testcase classname="com.anudip.project.AllTestsPart2" name="TC26_verifyCartEmptyAfterOrder" time="10.309"/>
  <testcase classname="com.anudip.project.AllTestsPart2" name="TC27_continueShopping" time="0.220"/>
  <testcase classname="com.anudip.project.AllTestsPart2" name="TC28_verifyProductsPageAgain" time="0.034"/>
  <testcase classname="com.anudip.project.AllTestsPart2" name="TC29_logout" time="0.412"/>
  <testcase classname="com.anudip.project.AllTestsPart2" name="TC30_verifyLoginPageAfterLogout" time="0.029"/>
</testsuite> <!-- com.anudip.project.AllTestsPart2 -->
