<?xml version="1.0" encoding="UTF-8"?>
<!-- Generated by org.testng.reporters.JUnitReportReporter -->
<testsuite hostname="DESKTOP-UGLR3NH" failures="0" tests="12" name="com.anudip.project.AllTestsPart3" time="19.280" errors="0" timestamp="2025-12-17T11:23:47 IST" skipped="0">
  <testcase classname="com.anudip.project.AllTestsPart3" name="TC31_loginForPart3" time="10.919"/>
  <testcase classname="com.anudip.project.AllTestsPart3" name="TC32_openAndCloseMenu" time="0.883"/>
  <testcase classname="com.anudip.project.AllTestsPart3" name="TC33_sortNameAToZ" time="2.010"/>
  <testcase classname="com.anudip.project.AllTestsPart3" name="TC34_sortNameZToA" time="1.016"/>
  <testcase classname="com.anudip.project.AllTestsPart3" name="TC35_sortPriceLowToHigh" time="0.291"/>
  <testcase classname="com.anudip.project.AllTestsPart3" name="TC36_sortPriceHighToLow" time="0.234"/>
  <testcase classname="com.anudip.project.AllTestsPart3" name="TC37_verifyProductImages" time="0.038"/>
  <testcase classname="com.anudip.project.AllTestsPart3" name="TC38_verifyProductNames" time="0.030"/>
  <testcase classname="com.anudip.project.AllTestsPart3" name="TC39_verifyAddToCartButtons" time="0.526"/>
  <testcase classname="com.anudip.project.AllTestsPart3" name="TC40_logout" time="0.263"/>
  <testcase classname="com.anudip.project.AllTestsPart3" name="TC41_invalidLogin" time="2.994"/>
  <testcase classname="com.anudip.project.AllTestsPart3" name="TC42_verifyErrorMessage" time="0.076"/>
</testsuite> <!-- com.anudip.project.AllTestsPart3 -->
